PLINK v2.00a3LM 64-bit Intel (28 Mar 2021)
Options in effect:
  --bfile /faststorage/project/dsmwpred/takiy/DATA/UKBB/imputed_data/ukbb_404_imp_refpanel3_chr_1_22_posid
  --extract /faststorage/project/dsmwpred/takiy/DATA/list_snps_posid_to_analyse_common_ukbb_imp_and_refpanels.txt
  --make-bed
  --out /faststorage/project/dsmwpred/takiy/DATA/UKBB/imputed_data/ukbb_404_imp_refpanel3_chr_1_22_posid_common_snps

Hostname: s21n42
Working directory: /home/takiy
Start time: Thu Oct 14 11:57:55 2021

Random number seed: 1634205475
515537 MiB RAM detected; reserving 257768 MiB for main workspace.
Using up to 64 threads (change this with --threads).
404 samples (220 females, 184 males; 404 founders) loaded from
/faststorage/project/dsmwpred/takiy/DATA/UKBB/imputed_data/ukbb_404_imp_refpanel3_chr_1_22_posid.fam.
8475614 variants loaded from
/faststorage/project/dsmwpred/takiy/DATA/UKBB/imputed_data/ukbb_404_imp_refpanel3_chr_1_22_posid.bim.
Note: No phenotype data present.
--extract: 7186768 variants remaining.
7186768 variants remaining after main filters.
Writing
/faststorage/project/dsmwpred/takiy/DATA/UKBB/imputed_data/ukbb_404_imp_refpanel3_chr_1_22_posid_common_snps.fam
... done.
Writing
/faststorage/project/dsmwpred/takiy/DATA/UKBB/imputed_data/ukbb_404_imp_refpanel3_chr_1_22_posid_common_snps.bim
... done.
Writing
/faststorage/project/dsmwpred/takiy/DATA/UKBB/imputed_data/ukbb_404_imp_refpanel3_chr_1_22_posid_common_snps.bed
... done.

End time: Thu Oct 14 11:58:43 2021
